# JRE version: Java(TM) SE Runtime Environment (8.0_161-b12) (build 1.8.0_161-b12)
# Java VM: Java HotSpot(TM) 64-Bit Server VM (25.161-b12 mixed mode windows-amd64 compressed oops)
Heap:
 PSYoungGen      total 305664K, used 10314K [0x000000066b380000, 0x0000000680880000, 0x00000007c0000000)
  eden space 262144K, 3% used [0x000000066b380000,0x000000066bd92ae0,0x000000067b380000)
  from space 43520K, 0% used [0x000000067b380000,0x000000067b380000,0x000000067de00000)
  to   space 43520K, 0% used [0x000000067de00000,0x000000067de00000,0x0000000680880000)
 ParOldGen       total 267264K, used 4818K [0x00000003c1a00000, 0x00000003d1f00000, 0x000000066b380000)
  object space 267264K, 1% used [0x00000003c1a00000,0x00000003c1eb4ba8,0x00000003d1f00000)
 Metaspace       used 20687K, capacity 21274K, committed 21552K, reserved 1069056K
  class space    used 1760K, capacity 1890K, committed 1920K, reserved 1048576K
GC Heap History (8 events):
Event: 1.709 GC heap before
{Heap before GC invocations=1 (full 0):
 PSYoungGen      total 305664K, used 262144K [0x000000066b380000, 0x0000000680880000, 0x00000007c0000000)
  eden space 262144K, 100% used [0x000000066b380000,0x000000067b380000,0x000000067b380000)
  from space 43520K, 0% used [0x000000067de00000,0x000000067de00000,0x0000000680880000)
  to   space 43520K, 0% used [0x000000067b380000,0x000000067b380000,0x000000067de00000)
 ParOldGen       total 699392K, used 0K [0x00000003c1a00000, 0x00000003ec500000, 0x000000066b380000)
  object space 699392K, 0% used [0x00000003c1a00000,0x00000003c1a00000,0x00000003ec500000)
 Metaspace       used 13602K, capacity 13874K, committed 14080K, reserved 1062912K
  class space    used 1446K, capacity 1519K, committed 1536K, reserved 1048576K
Event: 1.714 GC heap after
Heap after GC invocations=1 (full 0):
 PSYoungGen      total 305664K, used 6563K [0x000000066b380000, 0x0000000680880000, 0x00000007c0000000)
  eden space 262144K, 0% used [0x000000066b380000,0x000000066b380000,0x000000067b380000)
  from space 43520K, 15% used [0x000000067b380000,0x000000067b9e8c58,0x000000067de00000)
  to   space 43520K, 0% used [0x000000067de00000,0x000000067de00000,0x0000000680880000)
 ParOldGen       total 699392K, used 80K [0x00000003c1a00000, 0x00000003ec500000, 0x000000066b380000)
  object space 699392K, 0% used [0x00000003c1a00000,0x00000003c1a14010,0x00000003ec500000)
 Metaspace       used 13602K, capacity 13874K, committed 14080K, reserved 1062912K
  class space    used 1446K, capacity 1519K, committed 1536K, reserved 1048576K
}
Event: 1.987 GC heap before
{Heap before GC invocations=2 (full 0):
 PSYoungGen      total 305664K, used 268707K [0x000000066b380000, 0x0000000680880000, 0x00000007c0000000)
  eden space 262144K, 100% used [0x000000066b380000,0x000000067b380000,0x000000067b380000)
  from space 43520K, 15% used [0x000000067b380000,0x000000067b9e8c58,0x000000067de00000)
  to   space 43520K, 0% used [0x000000067de00000,0x000000067de00000,0x0000000680880000)
 ParOldGen       total 699392K, used 80K [0x00000003c1a00000, 0x00000003ec500000, 0x000000066b380000)
  object space 699392K, 0% used [0x00000003c1a00000,0x00000003c1a14010,0x00000003ec500000)
 Metaspace       used 15361K, capacity 15786K, committed 15872K, reserved 1062912K
  class space    used 1604K, capacity 1727K, committed 1792K, reserved 1048576K
Event: 1.991 GC heap after
Heap after GC invocations=2 (full 0):
 PSYoungGen      total 305664K, used 5217K [0x000000066b380000, 0x0000000680880000, 0x00000007c0000000)
  eden space 262144K, 0% used [0x000000066b380000,0x000000066b380000,0x000000067b380000)
  from space 43520K, 11% used [0x000000067de00000,0x000000067e318660,0x0000000680880000)
  to   space 43520K, 0% used [0x000000067b380000,0x000000067b380000,0x000000067de00000)
 ParOldGen       total 699392K, used 88K [0x00000003c1a00000, 0x00000003ec500000, 0x000000066b380000)
  object space 699392K, 0% used [0x00000003c1a00000,0x00000003c1a16010,0x00000003ec500000)
 Metaspace       used 15361K, capacity 15786K, committed 15872K, reserved 1062912K
  class space    used 1604K, capacity 1727K, committed 1792K, reserved 1048576K
}
Event: 473.556 GC heap before
{Heap before GC invocations=3 (full 0):
 PSYoungGen      total 305664K, used 54258K [0x000000066b380000, 0x0000000680880000, 0x00000007c0000000)
  eden space 262144K, 18% used [0x000000066b380000,0x000000066e364310,0x000000067b380000)
  from space 43520K, 11% used [0x000000067de00000,0x000000067e318660,0x0000000680880000)
  to   space 43520K, 0% used [0x000000067b380000,0x000000067b380000,0x000000067de00000)
 ParOldGen       total 699392K, used 88K [0x00000003c1a00000, 0x00000003ec500000, 0x000000066b380000)
  object space 699392K, 0% used [0x00000003c1a00000,0x00000003c1a16010,0x00000003ec500000)
 Metaspace       used 20684K, capacity 21210K, committed 21296K, reserved 1069056K
  class space    used 1760K, capacity 1890K, committed 1920K, reserved 1048576K
Event: 473.559 GC heap after
Heap after GC invocations=3 (full 0):
 PSYoungGen      total 305664K, used 5024K [0x000000066b380000, 0x0000000680880000, 0x00000007c0000000)
  eden space 262144K, 0% used [0x000000066b380000,0x000000066b380000,0x000000067b380000)
  from space 43520K, 11% used [0x000000067b380000,0x000000067b868000,0x000000067de00000)
  to   space 43520K, 0% used [0x000000067de00000,0x000000067de00000,0x0000000680880000)
 ParOldGen       total 699392K, used 96K [0x00000003c1a00000, 0x00000003ec500000, 0x000000066b380000)
  object space 699392K, 0% used [0x00000003c1a00000,0x00000003c1a18010,0x00000003ec500000)
 Metaspace       used 20684K, capacity 21210K, committed 21296K, reserved 1069056K
  class space    used 1760K, capacity 1890K, committed 1920K, reserved 1048576K
}
Event: 473.559 GC heap before
{Heap before GC invocations=4 (full 1):
 PSYoungGen      total 305664K, used 5024K [0x000000066b380000, 0x0000000680880000, 0x00000007c0000000)
  eden space 262144K, 0% used [0x000000066b380000,0x000000066b380000,0x000000067b380000)
  from space 43520K, 11% used [0x000000067b380000,0x000000067b868000,0x000000067de00000)
  to   space 43520K, 0% used [0x000000067de00000,0x000000067de00000,0x0000000680880000)
 ParOldGen       total 699392K, used 96K [0x00000003c1a00000, 0x00000003ec500000, 0x000000066b380000)
  object space 699392K, 0% used [0x00000003c1a00000,0x00000003c1a18010,0x00000003ec500000)
 Metaspace       used 20684K, capacity 21210K, committed 21296K, reserved 1069056K
  class space    used 1760K, capacity 1890K, committed 1920K, reserved 1048576K
Event: 473.585 GC heap after
Heap after GC invocations=4 (full 1):
 PSYoungGen      total 305664K, used 0K [0x000000066b380000, 0x0000000680880000, 0x00000007c0000000)
  eden space 262144K, 0% used [0x000000066b380000,0x000000066b380000,0x000000067b380000)
  from space 43520K, 0% used [0x000000067b380000,0x000000067b380000,0x000000067de00000)
  to   space 43520K, 0% used [0x000000067de00000,0x000000067de00000,0x0000000680880000)
 ParOldGen       total 267264K, used 4818K [0x00000003c1a00000, 0x00000003d1f00000, 0x000000066b380000)
  object space 267264K, 1% used [0x00000003c1a00000,0x00000003c1eb4ba8,0x00000003d1f00000)
 Metaspace       used 20684K, capacity 21210K, committed 21296K, reserved 1069056K
  class space    used 1760K, capacity 1890K, committed 1920K, reserved 1048576K
}

