# JRE version: Java(TM) SE Runtime Environment (8.0_151-b12) (build 1.8.0_151-b12)
# Java VM: Java HotSpot(TM) 64-Bit Server VM (25.151-b12 mixed mode windows-amd64 compressed oops)
Heap:
 PSYoungGen      total 284672K, used 11187K [0x0000000715b80000, 0x0000000738680000, 0x00000007c0000000)
  eden space 263168K, 4% used [0x0000000715b80000,0x000000071666cc98,0x0000000725c80000)
  from space 21504K, 0% used [0x0000000725c80000,0x0000000725c80000,0x0000000727180000)
  to   space 20992K, 0% used [0x0000000737200000,0x0000000737200000,0x0000000738680000)
 ParOldGen       total 201216K, used 8664K [0x00000005c1200000, 0x00000005cd680000, 0x0000000715b80000)
  object space 201216K, 4% used [0x00000005c1200000,0x00000005c1a76110,0x00000005cd680000)
 Metaspace       used 21026K, capacity 21656K, committed 21936K, reserved 1069056K
  class space    used 1827K, capacity 1989K, committed 2048K, reserved 1048576K
GC Heap History (10 events):
Event: 1.095 GC heap before
{Heap before GC invocations=2 (full 0):
 PSYoungGen      total 153088K, used 139504K [0x0000000715b80000, 0x0000000720600000, 0x00000007c0000000)
  eden space 131584K, 100% used [0x0000000715b80000,0x000000071dc00000,0x000000071dc00000)
  from space 21504K, 36% used [0x000000071dc00000,0x000000071e3bc1c8,0x000000071f100000)
  to   space 21504K, 0% used [0x000000071f100000,0x000000071f100000,0x0000000720600000)
 ParOldGen       total 349696K, used 16K [0x00000005c1200000, 0x00000005d6780000, 0x0000000715b80000)
  object space 349696K, 0% used [0x00000005c1200000,0x00000005c1204000,0x00000005d6780000)
 Metaspace       used 13571K, capacity 13876K, committed 14080K, reserved 1062912K
  class space    used 1457K, capacity 1522K, committed 1536K, reserved 1048576K
Event: 1.098 GC heap after
Heap after GC invocations=2 (full 0):
 PSYoungGen      total 153088K, used 4433K [0x0000000715b80000, 0x0000000720600000, 0x00000007c0000000)
  eden space 131584K, 0% used [0x0000000715b80000,0x0000000715b80000,0x000000071dc00000)
  from space 21504K, 20% used [0x000000071f100000,0x000000071f5545c8,0x0000000720600000)
  to   space 21504K, 0% used [0x000000071dc00000,0x000000071dc00000,0x000000071f100000)
 ParOldGen       total 349696K, used 88K [0x00000005c1200000, 0x00000005d6780000, 0x0000000715b80000)
  object space 349696K, 0% used [0x00000005c1200000,0x00000005c1216010,0x00000005d6780000)
 Metaspace       used 13571K, capacity 13876K, committed 14080K, reserved 1062912K
  class space    used 1457K, capacity 1522K, committed 1536K, reserved 1048576K
}
Event: 1.228 GC heap before
{Heap before GC invocations=3 (full 0):
 PSYoungGen      total 153088K, used 136017K [0x0000000715b80000, 0x0000000720600000, 0x00000007c0000000)
  eden space 131584K, 100% used [0x0000000715b80000,0x000000071dc00000,0x000000071dc00000)
  from space 21504K, 20% used [0x000000071f100000,0x000000071f5545c8,0x0000000720600000)
  to   space 21504K, 0% used [0x000000071dc00000,0x000000071dc00000,0x000000071f100000)
 ParOldGen       total 349696K, used 88K [0x00000005c1200000, 0x00000005d6780000, 0x0000000715b80000)
  object space 349696K, 0% used [0x00000005c1200000,0x00000005c1216010,0x00000005d6780000)
 Metaspace       used 14973K, capacity 15436K, committed 15616K, reserved 1062912K
  class space    used 1599K, capacity 1722K, committed 1792K, reserved 1048576K
Event: 1.231 GC heap after
Heap after GC invocations=3 (full 0):
 PSYoungGen      total 153088K, used 4870K [0x0000000715b80000, 0x0000000728680000, 0x00000007c0000000)
  eden space 131584K, 0% used [0x0000000715b80000,0x0000000715b80000,0x000000071dc00000)
  from space 21504K, 22% used [0x000000071dc00000,0x000000071e0c1a20,0x000000071f100000)
  to   space 21504K, 0% used [0x0000000727180000,0x0000000727180000,0x0000000728680000)
 ParOldGen       total 349696K, used 96K [0x00000005c1200000, 0x00000005d6780000, 0x0000000715b80000)
  object space 349696K, 0% used [0x00000005c1200000,0x00000005c1218010,0x00000005d6780000)
 Metaspace       used 14973K, capacity 15436K, committed 15616K, reserved 1062912K
  class space    used 1599K, capacity 1722K, committed 1792K, reserved 1048576K
}
Event: 1.367 GC heap before
{Heap before GC invocations=4 (full 0):
 PSYoungGen      total 153088K, used 136454K [0x0000000715b80000, 0x0000000728680000, 0x00000007c0000000)
  eden space 131584K, 100% used [0x0000000715b80000,0x000000071dc00000,0x000000071dc00000)
  from space 21504K, 22% used [0x000000071dc00000,0x000000071e0c1a20,0x000000071f100000)
  to   space 21504K, 0% used [0x0000000727180000,0x0000000727180000,0x0000000728680000)
 ParOldGen       total 349696K, used 96K [0x00000005c1200000, 0x00000005d6780000, 0x0000000715b80000)
  object space 349696K, 0% used [0x00000005c1200000,0x00000005c1218010,0x00000005d6780000)
 Metaspace       used 15321K, capacity 15810K, committed 15872K, reserved 1062912K
  class space    used 1623K, capacity 1761K, committed 1792K, reserved 1048576K
Event: 1.375 GC heap after
Heap after GC invocations=4 (full 0):
 PSYoungGen      total 284672K, used 21487K [0x0000000715b80000, 0x0000000728680000, 0x00000007c0000000)
  eden space 263168K, 0% used [0x0000000715b80000,0x0000000715b80000,0x0000000725c80000)
  from space 21504K, 99% used [0x0000000727180000,0x000000072867bf78,0x0000000728680000)
  to   space 21504K, 0% used [0x0000000725c80000,0x0000000725c80000,0x0000000727180000)
 ParOldGen       total 349696K, used 3096K [0x00000005c1200000, 0x00000005d6780000, 0x0000000715b80000)
  object space 349696K, 0% used [0x00000005c1200000,0x00000005c1506010,0x00000005d6780000)
 Metaspace       used 15321K, capacity 15810K, committed 15872K, reserved 1062912K
  class space    used 1623K, capacity 1761K, committed 1792K, reserved 1048576K
}
Event: 1.582 GC heap before
{Heap before GC invocations=5 (full 0):
 PSYoungGen      total 284672K, used 92309K [0x0000000715b80000, 0x0000000728680000, 0x00000007c0000000)
  eden space 263168K, 26% used [0x0000000715b80000,0x000000071a0a97f8,0x0000000725c80000)
  from space 21504K, 99% used [0x0000000727180000,0x000000072867bf78,0x0000000728680000)
  to   space 21504K, 0% used [0x0000000725c80000,0x0000000725c80000,0x0000000727180000)
 ParOldGen       total 349696K, used 3096K [0x00000005c1200000, 0x00000005d6780000, 0x0000000715b80000)
  object space 349696K, 0% used [0x00000005c1200000,0x00000005c1506010,0x00000005d6780000)
 Metaspace       used 20761K, capacity 21250K, committed 21296K, reserved 1069056K
  class space    used 1783K, capacity 1916K, committed 1920K, reserved 1048576K
Event: 1.593 GC heap after
Heap after GC invocations=5 (full 0):
 PSYoungGen      total 284672K, used 8504K [0x0000000715b80000, 0x0000000738680000, 0x00000007c0000000)
  eden space 263168K, 0% used [0x0000000715b80000,0x0000000715b80000,0x0000000725c80000)
  from space 21504K, 39% used [0x0000000725c80000,0x00000007264ce250,0x0000000727180000)
  to   space 20992K, 0% used [0x0000000737200000,0x0000000737200000,0x0000000738680000)
 ParOldGen       total 349696K, used 3104K [0x00000005c1200000, 0x00000005d6780000, 0x0000000715b80000)
  object space 349696K, 0% used [0x00000005c1200000,0x00000005c1508010,0x00000005d6780000)
 Metaspace       used 20761K, capacity 21250K, committed 21296K, reserved 1069056K
  class space    used 1783K, capacity 1916K, committed 1920K, reserved 1048576K
}
Event: 1.593 GC heap before
{Heap before GC invocations=6 (full 1):
 PSYoungGen      total 284672K, used 8504K [0x0000000715b80000, 0x0000000738680000, 0x00000007c0000000)
  eden space 263168K, 0% used [0x0000000715b80000,0x0000000715b80000,0x0000000725c80000)
  from space 21504K, 39% used [0x0000000725c80000,0x00000007264ce250,0x0000000727180000)
  to   space 20992K, 0% used [0x0000000737200000,0x0000000737200000,0x0000000738680000)
 ParOldGen       total 349696K, used 3104K [0x00000005c1200000, 0x00000005d6780000, 0x0000000715b80000)
  object space 349696K, 0% used [0x00000005c1200000,0x00000005c1508010,0x00000005d6780000)
 Metaspace       used 20761K, capacity 21250K, committed 21296K, reserved 1069056K
  class space    used 1783K, capacity 1916K, committed 1920K, reserved 1048576K
Event: 1.632 GC heap after
Heap after GC invocations=6 (full 1):
 PSYoungGen      total 284672K, used 0K [0x0000000715b80000, 0x0000000738680000, 0x00000007c0000000)
  eden space 263168K, 0% used [0x0000000715b80000,0x0000000715b80000,0x0000000725c80000)
  from space 21504K, 0% used [0x0000000725c80000,0x0000000725c80000,0x0000000727180000)
  to   space 20992K, 0% used [0x0000000737200000,0x0000000737200000,0x0000000738680000)
 ParOldGen       total 201216K, used 8664K [0x00000005c1200000, 0x00000005cd680000, 0x0000000715b80000)
  object space 201216K, 4% used [0x00000005c1200000,0x00000005c1a76110,0x00000005cd680000)
 Metaspace       used 20761K, capacity 21250K, committed 21296K, reserved 1069056K
  class space    used 1783K, capacity 1916K, committed 1920K, reserved 1048576K
}

