# JRE version: Java(TM) SE Runtime Environment (8.0_151-b12) (build 1.8.0_151-b12)
# Java VM: Java HotSpot(TM) 64-Bit Server VM (25.151-b12 mixed mode windows-amd64 compressed oops)
Heap:
 PSYoungGen      total 284672K, used 10459K [0x0000000715b80000, 0x0000000736a80000, 0x00000007c0000000)
  eden space 263168K, 3% used [0x0000000715b80000,0x00000007165b6f90,0x0000000725c80000)
  from space 21504K, 0% used [0x0000000725c80000,0x0000000725c80000,0x0000000727180000)
  to   space 6656K, 0% used [0x0000000736400000,0x0000000736400000,0x0000000736a80000)
 ParOldGen       total 207360K, used 5052K [0x00000005c1200000, 0x00000005cdc80000, 0x0000000715b80000)
  object space 207360K, 2% used [0x00000005c1200000,0x00000005c16ef150,0x00000005cdc80000)
 Metaspace       used 20537K, capacity 21144K, committed 21504K, reserved 1069056K
  class space    used 1788K, capacity 1939K, committed 2048K, reserved 1048576K
GC Heap History (10 events):
Event: 1.150 GC heap before
{Heap before GC invocations=2 (full 0):
 PSYoungGen      total 153088K, used 138282K [0x0000000715b80000, 0x0000000720600000, 0x00000007c0000000)
  eden space 131584K, 100% used [0x0000000715b80000,0x000000071dc00000,0x000000071dc00000)
  from space 21504K, 31% used [0x000000071dc00000,0x000000071e28a868,0x000000071f100000)
  to   space 21504K, 0% used [0x000000071f100000,0x000000071f100000,0x0000000720600000)
 ParOldGen       total 349696K, used 80K [0x00000005c1200000, 0x00000005d6780000, 0x0000000715b80000)
  object space 349696K, 0% used [0x00000005c1200000,0x00000005c1214010,0x00000005d6780000)
 Metaspace       used 13484K, capacity 13748K, committed 13824K, reserved 1060864K
  class space    used 1445K, capacity 1522K, committed 1536K, reserved 1048576K
Event: 1.153 GC heap after
Heap after GC invocations=2 (full 0):
 PSYoungGen      total 153088K, used 4305K [0x0000000715b80000, 0x0000000720600000, 0x00000007c0000000)
  eden space 131584K, 0% used [0x0000000715b80000,0x0000000715b80000,0x000000071dc00000)
  from space 21504K, 20% used [0x000000071f100000,0x000000071f534598,0x0000000720600000)
  to   space 21504K, 0% used [0x000000071dc00000,0x000000071dc00000,0x000000071f100000)
 ParOldGen       total 349696K, used 88K [0x00000005c1200000, 0x00000005d6780000, 0x0000000715b80000)
  object space 349696K, 0% used [0x00000005c1200000,0x00000005c1216010,0x00000005d6780000)
 Metaspace       used 13484K, capacity 13748K, committed 13824K, reserved 1060864K
  class space    used 1445K, capacity 1522K, committed 1536K, reserved 1048576K
}
Event: 1.282 GC heap before
{Heap before GC invocations=3 (full 0):
 PSYoungGen      total 153088K, used 135889K [0x0000000715b80000, 0x0000000720600000, 0x00000007c0000000)
  eden space 131584K, 100% used [0x0000000715b80000,0x000000071dc00000,0x000000071dc00000)
  from space 21504K, 20% used [0x000000071f100000,0x000000071f534598,0x0000000720600000)
  to   space 21504K, 0% used [0x000000071dc00000,0x000000071dc00000,0x000000071f100000)
 ParOldGen       total 349696K, used 88K [0x00000005c1200000, 0x00000005d6780000, 0x0000000715b80000)
  object space 349696K, 0% used [0x00000005c1200000,0x00000005c1216010,0x00000005d6780000)
 Metaspace       used 14757K, capacity 15204K, committed 15360K, reserved 1062912K
  class space    used 1571K, capacity 1690K, committed 1792K, reserved 1048576K
Event: 1.285 GC heap after
Heap after GC invocations=3 (full 0):
 PSYoungGen      total 153088K, used 4848K [0x0000000715b80000, 0x0000000728680000, 0x00000007c0000000)
  eden space 131584K, 0% used [0x0000000715b80000,0x0000000715b80000,0x000000071dc00000)
  from space 21504K, 22% used [0x000000071dc00000,0x000000071e0bc318,0x000000071f100000)
  to   space 21504K, 0% used [0x0000000727180000,0x0000000727180000,0x0000000728680000)
 ParOldGen       total 349696K, used 96K [0x00000005c1200000, 0x00000005d6780000, 0x0000000715b80000)
  object space 349696K, 0% used [0x00000005c1200000,0x00000005c1218010,0x00000005d6780000)
 Metaspace       used 14757K, capacity 15204K, committed 15360K, reserved 1062912K
  class space    used 1571K, capacity 1690K, committed 1792K, reserved 1048576K
}
Event: 1.416 GC heap before
{Heap before GC invocations=4 (full 0):
 PSYoungGen      total 153088K, used 136432K [0x0000000715b80000, 0x0000000728680000, 0x00000007c0000000)
  eden space 131584K, 100% used [0x0000000715b80000,0x000000071dc00000,0x000000071dc00000)
  from space 21504K, 22% used [0x000000071dc00000,0x000000071e0bc318,0x000000071f100000)
  to   space 21504K, 0% used [0x0000000727180000,0x0000000727180000,0x0000000728680000)
 ParOldGen       total 349696K, used 96K [0x00000005c1200000, 0x00000005d6780000, 0x0000000715b80000)
  object space 349696K, 0% used [0x00000005c1200000,0x00000005c1218010,0x00000005d6780000)
 Metaspace       used 15130K, capacity 15586K, committed 15872K, reserved 1062912K
  class space    used 1600K, capacity 1729K, committed 1792K, reserved 1048576K
Event: 1.420 GC heap after
Heap after GC invocations=4 (full 0):
 PSYoungGen      total 284672K, used 4624K [0x0000000715b80000, 0x0000000728680000, 0x00000007c0000000)
  eden space 263168K, 0% used [0x0000000715b80000,0x0000000715b80000,0x0000000725c80000)
  from space 21504K, 21% used [0x0000000727180000,0x00000007276040d0,0x0000000728680000)
  to   space 21504K, 0% used [0x0000000725c80000,0x0000000725c80000,0x0000000727180000)
 ParOldGen       total 349696K, used 104K [0x00000005c1200000, 0x00000005d6780000, 0x0000000715b80000)
  object space 349696K, 0% used [0x00000005c1200000,0x00000005c121a010,0x00000005d6780000)
 Metaspace       used 15130K, capacity 15586K, committed 15872K, reserved 1062912K
  class space    used 1600K, capacity 1729K, committed 1792K, reserved 1048576K
}
Event: 1.786 GC heap before
{Heap before GC invocations=5 (full 0):
 PSYoungGen      total 284672K, used 75445K [0x0000000715b80000, 0x0000000728680000, 0x00000007c0000000)
  eden space 263168K, 26% used [0x0000000715b80000,0x000000071a0a9530,0x0000000725c80000)
  from space 21504K, 21% used [0x0000000727180000,0x00000007276040d0,0x0000000728680000)
  to   space 21504K, 0% used [0x0000000725c80000,0x0000000725c80000,0x0000000727180000)
 ParOldGen       total 349696K, used 104K [0x00000005c1200000, 0x00000005d6780000, 0x0000000715b80000)
  object space 349696K, 0% used [0x00000005c1200000,0x00000005c121a010,0x00000005d6780000)
 Metaspace       used 20514K, capacity 21132K, committed 21248K, reserved 1069056K
  class space    used 1785K, capacity 1937K, committed 2048K, reserved 1048576K
Event: 1.794 GC heap after
Heap after GC invocations=5 (full 0):
 PSYoungGen      total 284672K, used 5168K [0x0000000715b80000, 0x0000000736a80000, 0x00000007c0000000)
  eden space 263168K, 0% used [0x0000000715b80000,0x0000000715b80000,0x0000000725c80000)
  from space 21504K, 24% used [0x0000000725c80000,0x000000072618c010,0x0000000727180000)
  to   space 6656K, 0% used [0x0000000736400000,0x0000000736400000,0x0000000736a80000)
 ParOldGen       total 349696K, used 112K [0x00000005c1200000, 0x00000005d6780000, 0x0000000715b80000)
  object space 349696K, 0% used [0x00000005c1200000,0x00000005c121c010,0x00000005d6780000)
 Metaspace       used 20514K, capacity 21132K, committed 21248K, reserved 1069056K
  class space    used 1785K, capacity 1937K, committed 2048K, reserved 1048576K
}
Event: 1.794 GC heap before
{Heap before GC invocations=6 (full 1):
 PSYoungGen      total 284672K, used 5168K [0x0000000715b80000, 0x0000000736a80000, 0x00000007c0000000)
  eden space 263168K, 0% used [0x0000000715b80000,0x0000000715b80000,0x0000000725c80000)
  from space 21504K, 24% used [0x0000000725c80000,0x000000072618c010,0x0000000727180000)
  to   space 6656K, 0% used [0x0000000736400000,0x0000000736400000,0x0000000736a80000)
 ParOldGen       total 349696K, used 112K [0x00000005c1200000, 0x00000005d6780000, 0x0000000715b80000)
  object space 349696K, 0% used [0x00000005c1200000,0x00000005c121c010,0x00000005d6780000)
 Metaspace       used 20514K, capacity 21132K, committed 21248K, reserved 1069056K
  class space    used 1785K, capacity 1937K, committed 2048K, reserved 1048576K
Event: 1.827 GC heap after
Heap after GC invocations=6 (full 1):
 PSYoungGen      total 284672K, used 0K [0x0000000715b80000, 0x0000000736a80000, 0x00000007c0000000)
  eden space 263168K, 0% used [0x0000000715b80000,0x0000000715b80000,0x0000000725c80000)
  from space 21504K, 0% used [0x0000000725c80000,0x0000000725c80000,0x0000000727180000)
  to   space 6656K, 0% used [0x0000000736400000,0x0000000736400000,0x0000000736a80000)
 ParOldGen       total 207360K, used 5052K [0x00000005c1200000, 0x00000005cdc80000, 0x0000000715b80000)
  object space 207360K, 2% used [0x00000005c1200000,0x00000005c16ef150,0x00000005cdc80000)
 Metaspace       used 20514K, capacity 21132K, committed 21248K, reserved 1069056K
  class space    used 1785K, capacity 1937K, committed 2048K, reserved 1048576K
}

