# JRE version: Java(TM) SE Runtime Environment (8.0_151-b12) (build 1.8.0_151-b12)
# Java VM: Java HotSpot(TM) 64-Bit Server VM (25.151-b12 mixed mode windows-amd64 compressed oops)
Heap:
 PSYoungGen      total 134144K, used 5114K [0x0000000715b80000, 0x000000071f180000, 0x00000007c0000000)
  eden space 128512K, 3% used [0x0000000715b80000,0x000000071607e8f0,0x000000071d900000)
  from space 5632K, 0% used [0x000000071dc00000,0x000000071dc00000,0x000000071e180000)
  to   space 7680K, 0% used [0x000000071ea00000,0x000000071ea00000,0x000000071f180000)
 ParOldGen       total 134144K, used 5047K [0x00000005c1200000, 0x00000005c9500000, 0x0000000715b80000)
  object space 134144K, 3% used [0x00000005c1200000,0x00000005c16edf70,0x00000005c9500000)
 Metaspace       used 20532K, capacity 21212K, committed 21504K, reserved 1069056K
  class space    used 1787K, capacity 1939K, committed 2048K, reserved 1048576K
GC Heap History (10 events):
Event: 4.385 GC heap before
{Heap before GC invocations=2 (full 0):
 PSYoungGen      total 153088K, used 139492K [0x0000000715b80000, 0x0000000720600000, 0x00000007c0000000)
  eden space 131584K, 100% used [0x0000000715b80000,0x000000071dc00000,0x000000071dc00000)
  from space 21504K, 36% used [0x000000071dc00000,0x000000071e3b9348,0x000000071f100000)
  to   space 21504K, 0% used [0x000000071f100000,0x000000071f100000,0x0000000720600000)
 ParOldGen       total 349696K, used 16K [0x00000005c1200000, 0x00000005d6780000, 0x0000000715b80000)
  object space 349696K, 0% used [0x00000005c1200000,0x00000005c1204000,0x00000005d6780000)
 Metaspace       used 13478K, capacity 13748K, committed 13824K, reserved 1060864K
  class space    used 1443K, capacity 1522K, committed 1536K, reserved 1048576K
Event: 4.388 GC heap after
Heap after GC invocations=2 (full 0):
 PSYoungGen      total 153088K, used 4417K [0x0000000715b80000, 0x0000000720600000, 0x00000007c0000000)
  eden space 131584K, 0% used [0x0000000715b80000,0x0000000715b80000,0x000000071dc00000)
  from space 21504K, 20% used [0x000000071f100000,0x000000071f5505d8,0x0000000720600000)
  to   space 21504K, 0% used [0x000000071dc00000,0x000000071dc00000,0x000000071f100000)
 ParOldGen       total 349696K, used 88K [0x00000005c1200000, 0x00000005d6780000, 0x0000000715b80000)
  object space 349696K, 0% used [0x00000005c1200000,0x00000005c1216010,0x00000005d6780000)
 Metaspace       used 13478K, capacity 13748K, committed 13824K, reserved 1060864K
  class space    used 1443K, capacity 1522K, committed 1536K, reserved 1048576K
}
Event: 5.177 GC heap before
{Heap before GC invocations=3 (full 0):
 PSYoungGen      total 153088K, used 136001K [0x0000000715b80000, 0x0000000720600000, 0x00000007c0000000)
  eden space 131584K, 100% used [0x0000000715b80000,0x000000071dc00000,0x000000071dc00000)
  from space 21504K, 20% used [0x000000071f100000,0x000000071f5505d8,0x0000000720600000)
  to   space 21504K, 0% used [0x000000071dc00000,0x000000071dc00000,0x000000071f100000)
 ParOldGen       total 349696K, used 88K [0x00000005c1200000, 0x00000005d6780000, 0x0000000715b80000)
  object space 349696K, 0% used [0x00000005c1200000,0x00000005c1216010,0x00000005d6780000)
 Metaspace       used 14751K, capacity 15208K, committed 15360K, reserved 1062912K
  class space    used 1570K, capacity 1690K, committed 1792K, reserved 1048576K
Event: 5.180 GC heap after
Heap after GC invocations=3 (full 0):
 PSYoungGen      total 153088K, used 4772K [0x0000000715b80000, 0x0000000720600000, 0x00000007c0000000)
  eden space 131584K, 0% used [0x0000000715b80000,0x0000000715b80000,0x000000071dc00000)
  from space 21504K, 22% used [0x000000071dc00000,0x000000071e0a9080,0x000000071f100000)
  to   space 21504K, 0% used [0x000000071f100000,0x000000071f100000,0x0000000720600000)
 ParOldGen       total 349696K, used 96K [0x00000005c1200000, 0x00000005d6780000, 0x0000000715b80000)
  object space 349696K, 0% used [0x00000005c1200000,0x00000005c1218010,0x00000005d6780000)
 Metaspace       used 14751K, capacity 15208K, committed 15360K, reserved 1062912K
  class space    used 1570K, capacity 1690K, committed 1792K, reserved 1048576K
}
Event: 5.978 GC heap before
{Heap before GC invocations=4 (full 0):
 PSYoungGen      total 153088K, used 136356K [0x0000000715b80000, 0x0000000720600000, 0x00000007c0000000)
  eden space 131584K, 100% used [0x0000000715b80000,0x000000071dc00000,0x000000071dc00000)
  from space 21504K, 22% used [0x000000071dc00000,0x000000071e0a9080,0x000000071f100000)
  to   space 21504K, 0% used [0x000000071f100000,0x000000071f100000,0x0000000720600000)
 ParOldGen       total 349696K, used 96K [0x00000005c1200000, 0x00000005d6780000, 0x0000000715b80000)
  object space 349696K, 0% used [0x00000005c1200000,0x00000005c1218010,0x00000005d6780000)
 Metaspace       used 15129K, capacity 15590K, committed 15872K, reserved 1062912K
  class space    used 1599K, capacity 1729K, committed 1792K, reserved 1048576K
Event: 5.990 GC heap after
Heap after GC invocations=4 (full 0):
 PSYoungGen      total 153088K, used 4752K [0x0000000715b80000, 0x0000000720600000, 0x00000007c0000000)
  eden space 131584K, 0% used [0x0000000715b80000,0x0000000715b80000,0x000000071dc00000)
  from space 21504K, 22% used [0x000000071f100000,0x000000071f5a4140,0x0000000720600000)
  to   space 21504K, 0% used [0x000000071dc00000,0x000000071dc00000,0x000000071f100000)
 ParOldGen       total 349696K, used 104K [0x00000005c1200000, 0x00000005d6780000, 0x0000000715b80000)
  object space 349696K, 0% used [0x00000005c1200000,0x00000005c121a010,0x00000005d6780000)
 Metaspace       used 15129K, capacity 15590K, committed 15872K, reserved 1062912K
  class space    used 1599K, capacity 1729K, committed 1792K, reserved 1048576K
}
Event: 8.185 GC heap before
{Heap before GC invocations=5 (full 0):
 PSYoungGen      total 153088K, used 70212K [0x0000000715b80000, 0x0000000720600000, 0x00000007c0000000)
  eden space 131584K, 49% used [0x0000000715b80000,0x0000000719b6d080,0x000000071dc00000)
  from space 21504K, 22% used [0x000000071f100000,0x000000071f5a4140,0x0000000720600000)
  to   space 21504K, 0% used [0x000000071dc00000,0x000000071dc00000,0x000000071f100000)
 ParOldGen       total 349696K, used 104K [0x00000005c1200000, 0x00000005d6780000, 0x0000000715b80000)
  object space 349696K, 0% used [0x00000005c1200000,0x00000005c121a010,0x00000005d6780000)
 Metaspace       used 20508K, capacity 21130K, committed 21248K, reserved 1069056K
  class space    used 1782K, capacity 1934K, committed 2048K, reserved 1048576K
Event: 8.194 GC heap after
Heap after GC invocations=5 (full 0):
 PSYoungGen      total 134144K, used 5168K [0x0000000715b80000, 0x000000071f180000, 0x00000007c0000000)
  eden space 128512K, 0% used [0x0000000715b80000,0x0000000715b80000,0x000000071d900000)
  from space 5632K, 91% used [0x000000071dc00000,0x000000071e10c030,0x000000071e180000)
  to   space 7680K, 0% used [0x000000071ea00000,0x000000071ea00000,0x000000071f180000)
 ParOldGen       total 349696K, used 112K [0x00000005c1200000, 0x00000005d6780000, 0x0000000715b80000)
  object space 349696K, 0% used [0x00000005c1200000,0x00000005c121c010,0x00000005d6780000)
 Metaspace       used 20508K, capacity 21130K, committed 21248K, reserved 1069056K
  class space    used 1782K, capacity 1934K, committed 2048K, reserved 1048576K
}
Event: 8.194 GC heap before
{Heap before GC invocations=6 (full 1):
 PSYoungGen      total 134144K, used 5168K [0x0000000715b80000, 0x000000071f180000, 0x00000007c0000000)
  eden space 128512K, 0% used [0x0000000715b80000,0x0000000715b80000,0x000000071d900000)
  from space 5632K, 91% used [0x000000071dc00000,0x000000071e10c030,0x000000071e180000)
  to   space 7680K, 0% used [0x000000071ea00000,0x000000071ea00000,0x000000071f180000)
 ParOldGen       total 349696K, used 112K [0x00000005c1200000, 0x00000005d6780000, 0x0000000715b80000)
  object space 349696K, 0% used [0x00000005c1200000,0x00000005c121c010,0x00000005d6780000)
 Metaspace       used 20508K, capacity 21130K, committed 21248K, reserved 1069056K
  class space    used 1782K, capacity 1934K, committed 2048K, reserved 1048576K
Event: 8.219 GC heap after
Heap after GC invocations=6 (full 1):
 PSYoungGen      total 134144K, used 0K [0x0000000715b80000, 0x000000071f180000, 0x00000007c0000000)
  eden space 128512K, 0% used [0x0000000715b80000,0x0000000715b80000,0x000000071d900000)
  from space 5632K, 0% used [0x000000071dc00000,0x000000071dc00000,0x000000071e180000)
  to   space 7680K, 0% used [0x000000071ea00000,0x000000071ea00000,0x000000071f180000)
 ParOldGen       total 134144K, used 5047K [0x00000005c1200000, 0x00000005c9500000, 0x0000000715b80000)
  object space 134144K, 3% used [0x00000005c1200000,0x00000005c16edf70,0x00000005c9500000)
 Metaspace       used 20508K, capacity 21130K, committed 21248K, reserved 1069056K
  class space    used 1782K, capacity 1934K, committed 2048K, reserved 1048576K
}

