# JRE version: Java(TM) SE Runtime Environment (8.0_151-b12) (build 1.8.0_151-b12)
# Java VM: Java HotSpot(TM) 64-Bit Server VM (25.151-b12 mixed mode windows-amd64 compressed oops)
Heap:
 PSYoungGen      total 153088K, used 64657K [0x0000000715b80000, 0x0000000720600000, 0x00000007c0000000)
  eden space 131584K, 45% used [0x0000000715b80000,0x0000000719628608,0x000000071dc00000)
  from space 21504K, 21% used [0x000000071f100000,0x000000071f57c0d0,0x0000000720600000)
  to   space 21504K, 0% used [0x000000071dc00000,0x000000071dc00000,0x000000071f100000)
 ParOldGen       total 349696K, used 104K [0x00000005c1200000, 0x00000005d6780000, 0x0000000715b80000)
  object space 349696K, 0% used [0x00000005c1200000,0x00000005c121a010,0x00000005d6780000)
 Metaspace       used 20366K, capacity 20930K, committed 21120K, reserved 1069056K
  class space    used 1757K, capacity 1892K, committed 1920K, reserved 1048576K
GC Heap History (8 events):
Event: 4.007 GC heap before
{Heap before GC invocations=1 (full 0):
 PSYoungGen      total 153088K, used 131584K [0x0000000715b80000, 0x0000000720600000, 0x00000007c0000000)
  eden space 131584K, 100% used [0x0000000715b80000,0x000000071dc00000,0x000000071dc00000)
  from space 21504K, 0% used [0x000000071f100000,0x000000071f100000,0x0000000720600000)
  to   space 21504K, 0% used [0x000000071dc00000,0x000000071dc00000,0x000000071f100000)
 ParOldGen       total 349696K, used 0K [0x00000005c1200000, 0x00000005d6780000, 0x0000000715b80000)
  object space 349696K, 0% used [0x00000005c1200000,0x00000005c1200000,0x00000005d6780000)
 Metaspace       used 10490K, capacity 10644K, committed 11008K, reserved 1058816K
  class space    used 1118K, capacity 1184K, committed 1280K, reserved 1048576K
Event: 4.012 GC heap after
Heap after GC invocations=1 (full 0):
 PSYoungGen      total 153088K, used 6765K [0x0000000715b80000, 0x0000000720600000, 0x00000007c0000000)
  eden space 131584K, 0% used [0x0000000715b80000,0x0000000715b80000,0x000000071dc00000)
  from space 21504K, 31% used [0x000000071dc00000,0x000000071e29b4e0,0x000000071f100000)
  to   space 21504K, 0% used [0x000000071f100000,0x000000071f100000,0x0000000720600000)
 ParOldGen       total 349696K, used 80K [0x00000005c1200000, 0x00000005d6780000, 0x0000000715b80000)
  object space 349696K, 0% used [0x00000005c1200000,0x00000005c1214010,0x00000005d6780000)
 Metaspace       used 10490K, capacity 10644K, committed 11008K, reserved 1058816K
  class space    used 1118K, capacity 1184K, committed 1280K, reserved 1048576K
}
Event: 4.872 GC heap before
{Heap before GC invocations=2 (full 0):
 PSYoungGen      total 153088K, used 138349K [0x0000000715b80000, 0x0000000720600000, 0x00000007c0000000)
  eden space 131584K, 100% used [0x0000000715b80000,0x000000071dc00000,0x000000071dc00000)
  from space 21504K, 31% used [0x000000071dc00000,0x000000071e29b4e0,0x000000071f100000)
  to   space 21504K, 0% used [0x000000071f100000,0x000000071f100000,0x0000000720600000)
 ParOldGen       total 349696K, used 80K [0x00000005c1200000, 0x00000005d6780000, 0x0000000715b80000)
  object space 349696K, 0% used [0x00000005c1200000,0x00000005c1214010,0x00000005d6780000)
 Metaspace       used 13464K, capacity 13748K, committed 13824K, reserved 1060864K
  class space    used 1443K, capacity 1522K, committed 1536K, reserved 1048576K
Event: 4.875 GC heap after
Heap after GC invocations=2 (full 0):
 PSYoungGen      total 153088K, used 4353K [0x0000000715b80000, 0x0000000720600000, 0x00000007c0000000)
  eden space 131584K, 0% used [0x0000000715b80000,0x0000000715b80000,0x000000071dc00000)
  from space 21504K, 20% used [0x000000071f100000,0x000000071f540598,0x0000000720600000)
  to   space 21504K, 0% used [0x000000071dc00000,0x000000071dc00000,0x000000071f100000)
 ParOldGen       total 349696K, used 88K [0x00000005c1200000, 0x00000005d6780000, 0x0000000715b80000)
  object space 349696K, 0% used [0x00000005c1200000,0x00000005c1216010,0x00000005d6780000)
 Metaspace       used 13464K, capacity 13748K, committed 13824K, reserved 1060864K
  class space    used 1443K, capacity 1522K, committed 1536K, reserved 1048576K
}
Event: 5.592 GC heap before
{Heap before GC invocations=3 (full 0):
 PSYoungGen      total 153088K, used 135937K [0x0000000715b80000, 0x0000000720600000, 0x00000007c0000000)
  eden space 131584K, 100% used [0x0000000715b80000,0x000000071dc00000,0x000000071dc00000)
  from space 21504K, 20% used [0x000000071f100000,0x000000071f540598,0x0000000720600000)
  to   space 21504K, 0% used [0x000000071dc00000,0x000000071dc00000,0x000000071f100000)
 ParOldGen       total 349696K, used 88K [0x00000005c1200000, 0x00000005d6780000, 0x0000000715b80000)
  object space 349696K, 0% used [0x00000005c1200000,0x00000005c1216010,0x00000005d6780000)
 Metaspace       used 14737K, capacity 15208K, committed 15360K, reserved 1062912K
  class space    used 1569K, capacity 1690K, committed 1792K, reserved 1048576K
Event: 5.595 GC heap after
Heap after GC invocations=3 (full 0):
 PSYoungGen      total 153088K, used 4740K [0x0000000715b80000, 0x0000000720600000, 0x00000007c0000000)
  eden space 131584K, 0% used [0x0000000715b80000,0x0000000715b80000,0x000000071dc00000)
  from space 21504K, 22% used [0x000000071dc00000,0x000000071e0a12f0,0x000000071f100000)
  to   space 21504K, 0% used [0x000000071f100000,0x000000071f100000,0x0000000720600000)
 ParOldGen       total 349696K, used 96K [0x00000005c1200000, 0x00000005d6780000, 0x0000000715b80000)
  object space 349696K, 0% used [0x00000005c1200000,0x00000005c1218010,0x00000005d6780000)
 Metaspace       used 14737K, capacity 15208K, committed 15360K, reserved 1062912K
  class space    used 1569K, capacity 1690K, committed 1792K, reserved 1048576K
}
Event: 6.273 GC heap before
{Heap before GC invocations=4 (full 0):
 PSYoungGen      total 153088K, used 136324K [0x0000000715b80000, 0x0000000720600000, 0x00000007c0000000)
  eden space 131584K, 100% used [0x0000000715b80000,0x000000071dc00000,0x000000071dc00000)
  from space 21504K, 22% used [0x000000071dc00000,0x000000071e0a12f0,0x000000071f100000)
  to   space 21504K, 0% used [0x000000071f100000,0x000000071f100000,0x0000000720600000)
 ParOldGen       total 349696K, used 96K [0x00000005c1200000, 0x00000005d6780000, 0x0000000715b80000)
  object space 349696K, 0% used [0x00000005c1200000,0x00000005c1218010,0x00000005d6780000)
 Metaspace       used 15116K, capacity 15590K, committed 15872K, reserved 1062912K
  class space    used 1598K, capacity 1729K, committed 1792K, reserved 1048576K
Event: 6.280 GC heap after
Heap after GC invocations=4 (full 0):
 PSYoungGen      total 153088K, used 4592K [0x0000000715b80000, 0x0000000720600000, 0x00000007c0000000)
  eden space 131584K, 0% used [0x0000000715b80000,0x0000000715b80000,0x000000071dc00000)
  from space 21504K, 21% used [0x000000071f100000,0x000000071f57c0d0,0x0000000720600000)
  to   space 21504K, 0% used [0x000000071dc00000,0x000000071dc00000,0x000000071f100000)
 ParOldGen       total 349696K, used 104K [0x00000005c1200000, 0x00000005d6780000, 0x0000000715b80000)
  object space 349696K, 0% used [0x00000005c1200000,0x00000005c121a010,0x00000005d6780000)
 Metaspace       used 15116K, capacity 15590K, committed 15872K, reserved 1062912K
  class space    used 1598K, capacity 1729K, committed 1792K, reserved 1048576K
}

