# JRE version: Java(TM) SE Runtime Environment (8.0_171-b11) (build 1.8.0_171-b11)
# Java VM: Java HotSpot(TM) 64-Bit Server VM (25.171-b11 mixed mode windows-amd64 compressed oops)
Heap:
 PSYoungGen      total 379392K, used 327750K [0x0000000716180000, 0x0000000733000000, 0x00000007c0000000)
  eden space 300544K, 89% used [0x0000000716180000,0x00000007269438f8,0x0000000728700000)
  from space 78848K, 73% used [0x000000072e300000,0x0000000731b4e0a8,0x0000000733000000)
  to   space 86528K, 0% used [0x0000000728700000,0x0000000728700000,0x000000072db80000)
 ParOldGen       total 410624K, used 116288K [0x00000005c2400000, 0x00000005db500000, 0x0000000716180000)
  object space 410624K, 28% used [0x00000005c2400000,0x00000005c95903d8,0x00000005db500000)
 Metaspace       used 46772K, capacity 49724K, committed 49920K, reserved 1093632K
  class space    used 5322K, capacity 5832K, committed 5888K, reserved 1048576K
GC Heap History (10 events):
Event: 17.756 GC heap before
{Heap before GC invocations=6 (full 2):
 PSYoungGen      total 152576K, used 131072K [0x0000000716180000, 0x0000000726e00000, 0x00000007c0000000)
  eden space 131072K, 100% used [0x0000000716180000,0x000000071e180000,0x000000071e180000)
  from space 21504K, 0% used [0x000000071e180000,0x000000071e180000,0x000000071f680000)
  to   space 21504K, 0% used [0x0000000725900000,0x0000000725900000,0x0000000726e00000)
 ParOldGen       total 410624K, used 116248K [0x00000005c2400000, 0x00000005db500000, 0x0000000716180000)
  object space 410624K, 28% used [0x00000005c2400000,0x00000005c95863d8,0x00000005db500000)
 Metaspace       used 29868K, capacity 31568K, committed 31872K, reserved 1077248K
  class space    used 3876K, capacity 4210K, committed 4224K, reserved 1048576K
Event: 17.762 GC heap after
Heap after GC invocations=6 (full 2):
 PSYoungGen      total 179200K, used 11024K [0x0000000716180000, 0x0000000726400000, 0x00000007c0000000)
  eden space 167936K, 0% used [0x0000000716180000,0x0000000716180000,0x0000000720580000)
  from space 11264K, 97% used [0x0000000725900000,0x00000007263c4138,0x0000000726400000)
  to   space 21504K, 0% used [0x0000000723a00000,0x0000000723a00000,0x0000000724f00000)
 ParOldGen       total 410624K, used 116256K [0x00000005c2400000, 0x00000005db500000, 0x0000000716180000)
  object space 410624K, 28% used [0x00000005c2400000,0x00000005c95883d8,0x00000005db500000)
 Metaspace       used 29868K, capacity 31568K, committed 31872K, reserved 1077248K
  class space    used 3876K, capacity 4210K, committed 4224K, reserved 1048576K
}
Event: 17.966 GC heap before
{Heap before GC invocations=7 (full 2):
 PSYoungGen      total 179200K, used 178960K [0x0000000716180000, 0x0000000726400000, 0x00000007c0000000)
  eden space 167936K, 100% used [0x0000000716180000,0x0000000720580000,0x0000000720580000)
  from space 11264K, 97% used [0x0000000725900000,0x00000007263c4138,0x0000000726400000)
  to   space 21504K, 0% used [0x0000000723a00000,0x0000000723a00000,0x0000000724f00000)
 ParOldGen       total 410624K, used 116256K [0x00000005c2400000, 0x00000005db500000, 0x0000000716180000)
  object space 410624K, 28% used [0x00000005c2400000,0x00000005c95883d8,0x00000005db500000)
 Metaspace       used 32431K, capacity 34360K, committed 34560K, reserved 1079296K
  class space    used 4137K, capacity 4494K, committed 4608K, reserved 1048576K
Event: 17.971 GC heap after
Heap after GC invocations=7 (full 2):
 PSYoungGen      total 243200K, used 11892K [0x0000000716180000, 0x000000072ee00000, 0x00000007c0000000)
  eden space 221696K, 0% used [0x0000000716180000,0x0000000716180000,0x0000000723a00000)
  from space 21504K, 55% used [0x0000000723a00000,0x000000072459d0c8,0x0000000724f00000)
  to   space 90112K, 0% used [0x0000000729600000,0x0000000729600000,0x000000072ee00000)
 ParOldGen       total 410624K, used 116264K [0x00000005c2400000, 0x00000005db500000, 0x0000000716180000)
  object space 410624K, 28% used [0x00000005c2400000,0x00000005c958a3d8,0x00000005db500000)
 Metaspace       used 32431K, capacity 34360K, committed 34560K, reserved 1079296K
  class space    used 4137K, capacity 4494K, committed 4608K, reserved 1048576K
}
Event: 18.207 GC heap before
{Heap before GC invocations=8 (full 2):
 PSYoungGen      total 243200K, used 232508K [0x0000000716180000, 0x000000072ee00000, 0x00000007c0000000)
  eden space 221696K, 99% used [0x0000000716180000,0x00000007238f21f8,0x0000000723a00000)
  from space 21504K, 55% used [0x0000000723a00000,0x000000072459d0c8,0x0000000724f00000)
  to   space 90112K, 0% used [0x0000000729600000,0x0000000729600000,0x000000072ee00000)
 ParOldGen       total 410624K, used 116264K [0x00000005c2400000, 0x00000005db500000, 0x0000000716180000)
  object space 410624K, 28% used [0x00000005c2400000,0x00000005c958a3d8,0x00000005db500000)
 Metaspace       used 32874K, capacity 34910K, committed 35072K, reserved 1079296K
  class space    used 4159K, capacity 4569K, committed 4608K, reserved 1048576K
Event: 18.212 GC heap after
Heap after GC invocations=8 (full 2):
 PSYoungGen      total 320000K, used 11920K [0x0000000716180000, 0x0000000733380000, 0x00000007c0000000)
  eden space 229888K, 0% used [0x0000000716180000,0x0000000716180000,0x0000000724200000)
  from space 90112K, 13% used [0x0000000729600000,0x000000072a1a4080,0x000000072ee00000)
  to   space 86016K, 0% used [0x0000000724200000,0x0000000724200000,0x0000000729600000)
 ParOldGen       total 410624K, used 116272K [0x00000005c2400000, 0x00000005db500000, 0x0000000716180000)
  object space 410624K, 28% used [0x00000005c2400000,0x00000005c958c3d8,0x00000005db500000)
 Metaspace       used 32874K, capacity 34910K, committed 35072K, reserved 1079296K
  class space    used 4159K, capacity 4569K, committed 4608K, reserved 1048576K
}
Event: 18.858 GC heap before
{Heap before GC invocations=9 (full 2):
 PSYoungGen      total 320000K, used 241808K [0x0000000716180000, 0x0000000733380000, 0x00000007c0000000)
  eden space 229888K, 100% used [0x0000000716180000,0x0000000724200000,0x0000000724200000)
  from space 90112K, 13% used [0x0000000729600000,0x000000072a1a4080,0x000000072ee00000)
  to   space 86016K, 0% used [0x0000000724200000,0x0000000724200000,0x0000000729600000)
 ParOldGen       total 410624K, used 116272K [0x00000005c2400000, 0x00000005db500000, 0x0000000716180000)
  object space 410624K, 28% used [0x00000005c2400000,0x00000005c958c3d8,0x00000005db500000)
 Metaspace       used 39576K, capacity 42048K, committed 42240K, reserved 1085440K
  class space    used 4875K, capacity 5356K, committed 5376K, reserved 1048576K
Event: 18.867 GC heap after
Heap after GC invocations=9 (full 2):
 PSYoungGen      total 315904K, used 21552K [0x0000000716180000, 0x0000000733100000, 0x00000007c0000000)
  eden space 229888K, 0% used [0x0000000716180000,0x0000000716180000,0x0000000724200000)
  from space 86016K, 25% used [0x0000000724200000,0x000000072570c3a8,0x0000000729600000)
  to   space 79872K, 0% used [0x000000072e300000,0x000000072e300000,0x0000000733100000)
 ParOldGen       total 410624K, used 116280K [0x00000005c2400000, 0x00000005db500000, 0x0000000716180000)
  object space 410624K, 28% used [0x00000005c2400000,0x00000005c958e3d8,0x00000005db500000)
 Metaspace       used 39576K, capacity 42048K, committed 42240K, reserved 1085440K
  class space    used 4875K, capacity 5356K, committed 5376K, reserved 1048576K
}
Event: 258.378 GC heap before
{Heap before GC invocations=10 (full 2):
 PSYoungGen      total 315904K, used 251440K [0x0000000716180000, 0x0000000733100000, 0x00000007c0000000)
  eden space 229888K, 100% used [0x0000000716180000,0x0000000724200000,0x0000000724200000)
  from space 86016K, 25% used [0x0000000724200000,0x000000072570c3a8,0x0000000729600000)
  to   space 79872K, 0% used [0x000000072e300000,0x000000072e300000,0x0000000733100000)
 ParOldGen       total 410624K, used 116280K [0x00000005c2400000, 0x00000005db500000, 0x0000000716180000)
  object space 410624K, 28% used [0x00000005c2400000,0x00000005c958e3d8,0x00000005db500000)
 Metaspace       used 45653K, capacity 48526K, committed 48768K, reserved 1091584K
  class space    used 5234K, capacity 5735K, committed 5760K, reserved 1048576K
Event: 258.414 GC heap after
Heap after GC invocations=10 (full 2):
 PSYoungGen      total 379392K, used 57656K [0x0000000716180000, 0x0000000733000000, 0x00000007c0000000)
  eden space 300544K, 0% used [0x0000000716180000,0x0000000716180000,0x0000000728700000)
  from space 78848K, 73% used [0x000000072e300000,0x0000000731b4e0a8,0x0000000733000000)
  to   space 86528K, 0% used [0x0000000728700000,0x0000000728700000,0x000000072db80000)
 ParOldGen       total 410624K, used 116288K [0x00000005c2400000, 0x00000005db500000, 0x0000000716180000)
  object space 410624K, 28% used [0x00000005c2400000,0x00000005c95903d8,0x00000005db500000)
 Metaspace       used 45653K, capacity 48526K, committed 48768K, reserved 1091584K
  class space    used 5234K, capacity 5735K, committed 5760K, reserved 1048576K
}

