# JRE version: Java(TM) SE Runtime Environment (8.0_101-b13) (build 1.8.0_101-b13)
# Java VM: Java HotSpot(TM) 64-Bit Server VM (25.101-b13 mixed mode windows-amd64 compressed oops)
Heap:
 PSYoungGen      total 121344K, used 78484K [0x00000000d5f80000, 0x00000000de580000, 0x0000000100000000)
  eden space 106496K, 72% used [0x00000000d5f80000,0x00000000dab08fa0,0x00000000dc780000)
  from space 14848K, 7% used [0x00000000dd600000,0x00000000dd71c0b0,0x00000000de480000)
  to   space 14848K, 0% used [0x00000000dc780000,0x00000000dc780000,0x00000000dd600000)
 ParOldGen       total 83968K, used 19126K [0x0000000081e00000, 0x0000000087000000, 0x00000000d5f80000)
  object space 83968K, 22% used [0x0000000081e00000,0x00000000830adbc0,0x0000000087000000)
 Metaspace       used 26583K, capacity 28020K, committed 28160K, reserved 1073152K
  class space    used 3426K, capacity 3728K, committed 3840K, reserved 1048576K
GC Heap History (10 events):
Event: 12.711 GC heap before
{Heap before GC invocations=7 (full 1):
 PSYoungGen      total 38400K, used 36784K [0x00000000d5f80000, 0x00000000dab00000, 0x0000000100000000)
  eden space 33280K, 100% used [0x00000000d5f80000,0x00000000d8000000,0x00000000d8000000)
  from space 5120K, 68% used [0x00000000d8000000,0x00000000d836c1e8,0x00000000d8500000)
  to   space 16384K, 0% used [0x00000000d9b00000,0x00000000d9b00000,0x00000000dab00000)
 ParOldGen       total 83968K, used 16904K [0x0000000081e00000, 0x0000000087000000, 0x00000000d5f80000)
  object space 83968K, 20% used [0x0000000081e00000,0x0000000082e82278,0x0000000087000000)
 Metaspace       used 23732K, capacity 24896K, committed 24960K, reserved 1071104K
  class space    used 3203K, capacity 3440K, committed 3456K, reserved 1048576K
Event: 12.713 GC heap after
Heap after GC invocations=7 (full 1):
 PSYoungGen      total 61440K, used 2721K [0x00000000d5f80000, 0x00000000db000000, 0x0000000100000000)
  eden space 45056K, 0% used [0x00000000d5f80000,0x00000000d5f80000,0x00000000d8b80000)
  from space 16384K, 16% used [0x00000000d9b00000,0x00000000d9da87b8,0x00000000dab00000)
  to   space 15872K, 0% used [0x00000000d8b80000,0x00000000d8b80000,0x00000000d9b00000)
 ParOldGen       total 83968K, used 16912K [0x0000000081e00000, 0x0000000087000000, 0x00000000d5f80000)
  object space 83968K, 20% used [0x0000000081e00000,0x0000000082e84278,0x0000000087000000)
 Metaspace       used 23732K, capacity 24896K, committed 24960K, reserved 1071104K
  class space    used 3203K, capacity 3440K, committed 3456K, reserved 1048576K
}
Event: 12.803 GC heap before
{Heap before GC invocations=8 (full 1):
 PSYoungGen      total 61440K, used 47777K [0x00000000d5f80000, 0x00000000db000000, 0x0000000100000000)
  eden space 45056K, 100% used [0x00000000d5f80000,0x00000000d8b80000,0x00000000d8b80000)
  from space 16384K, 16% used [0x00000000d9b00000,0x00000000d9da87b8,0x00000000dab00000)
  to   space 15872K, 0% used [0x00000000d8b80000,0x00000000d8b80000,0x00000000d9b00000)
 ParOldGen       total 83968K, used 16912K [0x0000000081e00000, 0x0000000087000000, 0x00000000d5f80000)
  object space 83968K, 20% used [0x0000000081e00000,0x0000000082e84278,0x0000000087000000)
 Metaspace       used 24018K, capacity 25184K, committed 25344K, reserved 1071104K
  class space    used 3214K, capacity 3472K, committed 3584K, reserved 1048576K
Event: 12.806 GC heap after
Heap after GC invocations=8 (full 1):
 PSYoungGen      total 60928K, used 2768K [0x00000000d5f80000, 0x00000000dc700000, 0x0000000100000000)
  eden space 45056K, 0% used [0x00000000d5f80000,0x00000000d5f80000,0x00000000d8b80000)
  from space 15872K, 17% used [0x00000000d8b80000,0x00000000d8e34020,0x00000000d9b00000)
  to   space 15872K, 0% used [0x00000000db780000,0x00000000db780000,0x00000000dc700000)
 ParOldGen       total 83968K, used 16920K [0x0000000081e00000, 0x0000000087000000, 0x00000000d5f80000)
  object space 83968K, 20% used [0x0000000081e00000,0x0000000082e86278,0x0000000087000000)
 Metaspace       used 24018K, capacity 25184K, committed 25344K, reserved 1071104K
  class space    used 3214K, capacity 3472K, committed 3584K, reserved 1048576K
}
Event: 12.919 GC heap before
{Heap before GC invocations=9 (full 1):
 PSYoungGen      total 60928K, used 47824K [0x00000000d5f80000, 0x00000000dc700000, 0x0000000100000000)
  eden space 45056K, 100% used [0x00000000d5f80000,0x00000000d8b80000,0x00000000d8b80000)
  from space 15872K, 17% used [0x00000000d8b80000,0x00000000d8e34020,0x00000000d9b00000)
  to   space 15872K, 0% used [0x00000000db780000,0x00000000db780000,0x00000000dc700000)
 ParOldGen       total 83968K, used 16920K [0x0000000081e00000, 0x0000000087000000, 0x00000000d5f80000)
  object space 83968K, 20% used [0x0000000081e00000,0x0000000082e86278,0x0000000087000000)
 Metaspace       used 24703K, capacity 25918K, committed 26112K, reserved 1071104K
  class space    used 3279K, capacity 3543K, committed 3584K, reserved 1048576K
Event: 12.923 GC heap after
Heap after GC invocations=9 (full 1):
 PSYoungGen      total 90624K, used 3494K [0x00000000d5f80000, 0x00000000dc900000, 0x0000000100000000)
  eden space 74752K, 0% used [0x00000000d5f80000,0x00000000d5f80000,0x00000000da880000)
  from space 15872K, 22% used [0x00000000db780000,0x00000000dbae99e8,0x00000000dc700000)
  to   space 15360K, 0% used [0x00000000da880000,0x00000000da880000,0x00000000db780000)
 ParOldGen       total 83968K, used 16928K [0x0000000081e00000, 0x0000000087000000, 0x00000000d5f80000)
  object space 83968K, 20% used [0x0000000081e00000,0x0000000082e88278,0x0000000087000000)
 Metaspace       used 24703K, capacity 25918K, committed 26112K, reserved 1071104K
  class space    used 3279K, capacity 3543K, committed 3584K, reserved 1048576K
}
Event: 13.118 GC heap before
{Heap before GC invocations=10 (full 1):
 PSYoungGen      total 90624K, used 78246K [0x00000000d5f80000, 0x00000000dc900000, 0x0000000100000000)
  eden space 74752K, 100% used [0x00000000d5f80000,0x00000000da880000,0x00000000da880000)
  from space 15872K, 22% used [0x00000000db780000,0x00000000dbae99e8,0x00000000dc700000)
  to   space 15360K, 0% used [0x00000000da880000,0x00000000da880000,0x00000000db780000)
 ParOldGen       total 83968K, used 16928K [0x0000000081e00000, 0x0000000087000000, 0x00000000d5f80000)
  object space 83968K, 20% used [0x0000000081e00000,0x0000000082e88278,0x0000000087000000)
 Metaspace       used 25549K, capacity 26946K, committed 27008K, reserved 1073152K
  class space    used 3370K, capacity 3675K, committed 3712K, reserved 1048576K
Event: 13.121 GC heap after
Heap after GC invocations=10 (full 1):
 PSYoungGen      total 90112K, used 3232K [0x00000000d5f80000, 0x00000000de480000, 0x0000000100000000)
  eden space 74752K, 0% used [0x00000000d5f80000,0x00000000d5f80000,0x00000000da880000)
  from space 15360K, 21% used [0x00000000da880000,0x00000000daba8070,0x00000000db780000)
  to   space 14848K, 0% used [0x00000000dd600000,0x00000000dd600000,0x00000000de480000)
 ParOldGen       total 83968K, used 16936K [0x0000000081e00000, 0x0000000087000000, 0x00000000d5f80000)
  object space 83968K, 20% used [0x0000000081e00000,0x0000000082e8a278,0x0000000087000000)
 Metaspace       used 25549K, capacity 26946K, committed 27008K, reserved 1073152K
  class space    used 3370K, capacity 3675K, committed 3712K, reserved 1048576K
}
Event: 13.209 GC heap before
{Heap before GC invocations=11 (full 1):
 PSYoungGen      total 90112K, used 77984K [0x00000000d5f80000, 0x00000000de480000, 0x0000000100000000)
  eden space 74752K, 100% used [0x00000000d5f80000,0x00000000da880000,0x00000000da880000)
  from space 15360K, 21% used [0x00000000da880000,0x00000000daba8070,0x00000000db780000)
  to   space 14848K, 0% used [0x00000000dd600000,0x00000000dd600000,0x00000000de480000)
 ParOldGen       total 83968K, used 16936K [0x0000000081e00000, 0x0000000087000000, 0x00000000d5f80000)
  object space 83968K, 20% used [0x0000000081e00000,0x0000000082e8a278,0x0000000087000000)
 Metaspace       used 25894K, capacity 27266K, committed 27520K, reserved 1073152K
  class space    used 3391K, capacity 3675K, committed 3712K, reserved 1048576K
Event: 13.212 GC heap after
Heap after GC invocations=11 (full 1):
 PSYoungGen      total 121344K, used 1136K [0x00000000d5f80000, 0x00000000de580000, 0x0000000100000000)
  eden space 106496K, 0% used [0x00000000d5f80000,0x00000000d5f80000,0x00000000dc780000)
  from space 14848K, 7% used [0x00000000dd600000,0x00000000dd71c0b0,0x00000000de480000)
  to   space 14848K, 0% used [0x00000000dc780000,0x00000000dc780000,0x00000000dd600000)
 ParOldGen       total 83968K, used 19126K [0x0000000081e00000, 0x0000000087000000, 0x00000000d5f80000)
  object space 83968K, 22% used [0x0000000081e00000,0x00000000830adbc0,0x0000000087000000)
 Metaspace       used 25894K, capacity 27266K, committed 27520K, reserved 1073152K
  class space    used 3391K, capacity 3675K, committed 3712K, reserved 1048576K
}

