# JRE version: Java(TM) SE Runtime Environment (8.0_171-b11) (build 1.8.0_171-b11)
# Java VM: Java HotSpot(TM) 64-Bit Server VM (25.171-b11 mixed mode windows-amd64 compressed oops)
Heap:
 PSYoungGen      total 528384K, used 510544K [0x00000000d5c00000, 0x0000000100000000, 0x0000000100000000)
  eden space 433152K, 95% used [0x00000000d5c00000,0x00000000ef19b498,0x00000000f0300000)
  from space 95232K, 99% used [0x00000000fa300000,0x00000000ffff8d80,0x0000000100000000)
  to   space 129536K, 0% used [0x00000000f0300000,0x00000000f0300000,0x00000000f8180000)
 ParOldGen       total 231936K, used 184795K [0x0000000081400000, 0x000000008f680000, 0x00000000d5c00000)
  object space 231936K, 79% used [0x0000000081400000,0x000000008c876fa8,0x000000008f680000)
 Metaspace       used 49277K, capacity 53216K, committed 53464K, reserved 1095680K
  class space    used 5674K, capacity 6345K, committed 6400K, reserved 1048576K
GC Heap History (10 events):
Event: 987.440 GC heap before
{Heap before GC invocations=29 (full 3):
 PSYoungGen      total 509952K, used 427020K [0x00000000d5c00000, 0x00000000fda80000, 0x0000000100000000)
  eden space 404480K, 100% used [0x00000000d5c00000,0x00000000ee700000,0x00000000ee700000)
  from space 105472K, 21% used [0x00000000ee700000,0x00000000efd030f8,0x00000000f4e00000)
  to   space 103936K, 0% used [0x00000000f7500000,0x00000000f7500000,0x00000000fda80000)
 ParOldGen       total 231936K, used 127699K [0x0000000081400000, 0x000000008f680000, 0x00000000d5c00000)
  object space 231936K, 55% used [0x0000000081400000,0x00000000890b4fa8,0x000000008f680000)
 Metaspace       used 48743K, capacity 52376K, committed 52568K, reserved 1095680K
  class space    used 5627K, capacity 6269K, committed 6272K, reserved 1048576K
Event: 987.450 GC heap after
Heap after GC invocations=29 (full 3):
 PSYoungGen      total 543744K, used 34096K [0x00000000d5c00000, 0x00000000fd380000, 0x0000000100000000)
  eden space 446976K, 0% used [0x00000000d5c00000,0x00000000d5c00000,0x00000000f1080000)
  from space 96768K, 35% used [0x00000000f7500000,0x00000000f964c2a8,0x00000000fd380000)
  to   space 99840K, 0% used [0x00000000f1080000,0x00000000f1080000,0x00000000f7200000)
 ParOldGen       total 231936K, used 127707K [0x0000000081400000, 0x000000008f680000, 0x00000000d5c00000)
  object space 231936K, 55% used [0x0000000081400000,0x00000000890b6fa8,0x000000008f680000)
 Metaspace       used 48743K, capacity 52376K, committed 52568K, reserved 1095680K
  class space    used 5627K, capacity 6269K, committed 6272K, reserved 1048576K
}
Event: 1014.785 GC heap before
{Heap before GC invocations=30 (full 3):
 PSYoungGen      total 543744K, used 481072K [0x00000000d5c00000, 0x00000000fd380000, 0x0000000100000000)
  eden space 446976K, 100% used [0x00000000d5c00000,0x00000000f1080000,0x00000000f1080000)
  from space 96768K, 35% used [0x00000000f7500000,0x00000000f964c2a8,0x00000000fd380000)
  to   space 99840K, 0% used [0x00000000f1080000,0x00000000f1080000,0x00000000f7200000)
 ParOldGen       total 231936K, used 127707K [0x0000000081400000, 0x000000008f680000, 0x00000000d5c00000)
  object space 231936K, 55% used [0x0000000081400000,0x00000000890b6fa8,0x000000008f680000)
 Metaspace       used 49039K, capacity 52880K, committed 52952K, reserved 1095680K
  class space    used 5673K, capacity 6345K, committed 6400K, reserved 1048576K
Event: 1014.803 GC heap after
Heap after GC invocations=30 (full 3):
 PSYoungGen      total 546816K, used 54671K [0x00000000d5c00000, 0x00000000ff680000, 0x0000000100000000)
  eden space 446976K, 0% used [0x00000000d5c00000,0x00000000d5c00000,0x00000000f1080000)
  from space 99840K, 54% used [0x00000000f1080000,0x00000000f45e3c70,0x00000000f7200000)
  to   space 98304K, 0% used [0x00000000f9680000,0x00000000f9680000,0x00000000ff680000)
 ParOldGen       total 231936K, used 127715K [0x0000000081400000, 0x000000008f680000, 0x00000000d5c00000)
  object space 231936K, 55% used [0x0000000081400000,0x00000000890b8fa8,0x000000008f680000)
 Metaspace       used 49039K, capacity 52880K, committed 52952K, reserved 1095680K
  class space    used 5673K, capacity 6345K, committed 6400K, reserved 1048576K
}
Event: 1027.720 GC heap before
{Heap before GC invocations=31 (full 3):
 PSYoungGen      total 546816K, used 501647K [0x00000000d5c00000, 0x00000000ff680000, 0x0000000100000000)
  eden space 446976K, 100% used [0x00000000d5c00000,0x00000000f1080000,0x00000000f1080000)
  from space 99840K, 54% used [0x00000000f1080000,0x00000000f45e3c70,0x00000000f7200000)
  to   space 98304K, 0% used [0x00000000f9680000,0x00000000f9680000,0x00000000ff680000)
 ParOldGen       total 231936K, used 127715K [0x0000000081400000, 0x000000008f680000, 0x00000000d5c00000)
  object space 231936K, 55% used [0x0000000081400000,0x00000000890b8fa8,0x000000008f680000)
 Metaspace       used 49110K, capacity 53044K, committed 53208K, reserved 1095680K
  class space    used 5673K, capacity 6345K, committed 6400K, reserved 1048576K
Event: 1027.748 GC heap after
Heap after GC invocations=31 (full 3):
 PSYoungGen      total 566784K, used 51522K [0x00000000d5c00000, 0x00000000feb80000, 0x0000000100000000)
  eden space 479744K, 0% used [0x00000000d5c00000,0x00000000d5c00000,0x00000000f3080000)
  from space 87040K, 59% used [0x00000000f9680000,0x00000000fc8d0940,0x00000000feb80000)
  to   space 95744K, 0% used [0x00000000f3080000,0x00000000f3080000,0x00000000f8e00000)
 ParOldGen       total 231936K, used 127723K [0x0000000081400000, 0x000000008f680000, 0x00000000d5c00000)
  object space 231936K, 55% used [0x0000000081400000,0x00000000890bafa8,0x000000008f680000)
 Metaspace       used 49110K, capacity 53044K, committed 53208K, reserved 1095680K
  class space    used 5673K, capacity 6345K, committed 6400K, reserved 1048576K
}
Event: 1099.653 GC heap before
{Heap before GC invocations=32 (full 3):
 PSYoungGen      total 566784K, used 531266K [0x00000000d5c00000, 0x00000000feb80000, 0x0000000100000000)
  eden space 479744K, 100% used [0x00000000d5c00000,0x00000000f3080000,0x00000000f3080000)
  from space 87040K, 59% used [0x00000000f9680000,0x00000000fc8d0940,0x00000000feb80000)
  to   space 95744K, 0% used [0x00000000f3080000,0x00000000f3080000,0x00000000f8e00000)
 ParOldGen       total 231936K, used 127723K [0x0000000081400000, 0x000000008f680000, 0x00000000d5c00000)
  object space 231936K, 55% used [0x0000000081400000,0x00000000890bafa8,0x000000008f680000)
 Metaspace       used 49183K, capacity 53060K, committed 53208K, reserved 1095680K
  class space    used 5673K, capacity 6345K, committed 6400K, reserved 1048576K
Event: 1099.687 GC heap after
Heap after GC invocations=32 (full 3):
 PSYoungGen      total 575488K, used 58063K [0x00000000d5c00000, 0x0000000100000000, 0x0000000100000000)
  eden space 479744K, 0% used [0x00000000d5c00000,0x00000000d5c00000,0x00000000f3080000)
  from space 95744K, 60% used [0x00000000f3080000,0x00000000f6933f10,0x00000000f8e00000)
  to   space 95232K, 0% used [0x00000000fa300000,0x00000000fa300000,0x0000000100000000)
 ParOldGen       total 231936K, used 127731K [0x0000000081400000, 0x000000008f680000, 0x00000000d5c00000)
  object space 231936K, 55% used [0x0000000081400000,0x00000000890bcfa8,0x000000008f680000)
 Metaspace       used 49183K, capacity 53060K, committed 53208K, reserved 1095680K
  class space    used 5673K, capacity 6345K, committed 6400K, reserved 1048576K
}
Event: 1240.883 GC heap before
{Heap before GC invocations=33 (full 3):
 PSYoungGen      total 575488K, used 537807K [0x00000000d5c00000, 0x0000000100000000, 0x0000000100000000)
  eden space 479744K, 100% used [0x00000000d5c00000,0x00000000f3080000,0x00000000f3080000)
  from space 95744K, 60% used [0x00000000f3080000,0x00000000f6933f10,0x00000000f8e00000)
  to   space 95232K, 0% used [0x00000000fa300000,0x00000000fa300000,0x0000000100000000)
 ParOldGen       total 231936K, used 127731K [0x0000000081400000, 0x000000008f680000, 0x00000000d5c00000)
  object space 231936K, 55% used [0x0000000081400000,0x00000000890bcfa8,0x000000008f680000)
 Metaspace       used 49227K, capacity 53072K, committed 53208K, reserved 1095680K
  class space    used 5674K, capacity 6345K, committed 6400K, reserved 1048576K
Event: 1241.127 GC heap after
Heap after GC invocations=33 (full 3):
 PSYoungGen      total 528384K, used 95203K [0x00000000d5c00000, 0x0000000100000000, 0x0000000100000000)
  eden space 433152K, 0% used [0x00000000d5c00000,0x00000000d5c00000,0x00000000f0300000)
  from space 95232K, 99% used [0x00000000fa300000,0x00000000ffff8d80,0x0000000100000000)
  to   space 129536K, 0% used [0x00000000f0300000,0x00000000f0300000,0x00000000f8180000)
 ParOldGen       total 231936K, used 184795K [0x0000000081400000, 0x000000008f680000, 0x00000000d5c00000)
  object space 231936K, 79% used [0x0000000081400000,0x000000008c876fa8,0x000000008f680000)
 Metaspace       used 49227K, capacity 53072K, committed 53208K, reserved 1095680K
  class space    used 5674K, capacity 6345K, committed 6400K, reserved 1048576K
}

