# JRE version: Java(TM) SE Runtime Environment (8.0_171-b11) (build 1.8.0_171-b11)
# Java VM: Java HotSpot(TM) 64-Bit Server VM (25.171-b11 mixed mode windows-amd64 compressed oops)
Heap:
 PSYoungGen      total 378880K, used 104832K [0x0000000716180000, 0x0000000732c00000, 0x00000007c0000000)
  eden space 307712K, 16% used [0x0000000716180000,0x00000007191e03a0,0x0000000728e00000)
  from space 71168K, 77% used [0x000000072e680000,0x0000000731c7ff30,0x0000000732c00000)
  to   space 80896K, 0% used [0x0000000728e00000,0x0000000728e00000,0x000000072dd00000)
 ParOldGen       total 410624K, used 116227K [0x00000005c2400000, 0x00000005db500000, 0x0000000716180000)
  object space 410624K, 28% used [0x00000005c2400000,0x00000005c9580c28,0x00000005db500000)
 Metaspace       used 46273K, capacity 49098K, committed 49408K, reserved 1093632K
  class space    used 5269K, capacity 5772K, committed 5888K, reserved 1048576K
GC Heap History (10 events):
Event: 29.478 GC heap before
{Heap before GC invocations=6 (full 2):
 PSYoungGen      total 152576K, used 131072K [0x0000000716180000, 0x0000000727800000, 0x00000007c0000000)
  eden space 131072K, 100% used [0x0000000716180000,0x000000071e180000,0x000000071e180000)
  from space 21504K, 0% used [0x000000071e180000,0x000000071e180000,0x000000071f680000)
  to   space 21504K, 0% used [0x0000000726300000,0x0000000726300000,0x0000000727800000)
 ParOldGen       total 410624K, used 116187K [0x00000005c2400000, 0x00000005db500000, 0x0000000716180000)
  object space 410624K, 28% used [0x00000005c2400000,0x00000005c9576c28,0x00000005db500000)
 Metaspace       used 30281K, capacity 31972K, committed 32256K, reserved 1077248K
  class space    used 3927K, capacity 4269K, committed 4352K, reserved 1048576K
Event: 29.484 GC heap after
Heap after GC invocations=6 (full 2):
 PSYoungGen      total 178176K, used 10309K [0x0000000716180000, 0x0000000726d80000, 0x00000007c0000000)
  eden space 167424K, 0% used [0x0000000716180000,0x0000000716180000,0x0000000720500000)
  from space 10752K, 95% used [0x0000000726300000,0x0000000726d117d8,0x0000000726d80000)
  to   space 21504K, 0% used [0x0000000724380000,0x0000000724380000,0x0000000725880000)
 ParOldGen       total 410624K, used 116195K [0x00000005c2400000, 0x00000005db500000, 0x0000000716180000)
  object space 410624K, 28% used [0x00000005c2400000,0x00000005c9578c28,0x00000005db500000)
 Metaspace       used 30281K, capacity 31972K, committed 32256K, reserved 1077248K
  class space    used 3927K, capacity 4269K, committed 4352K, reserved 1048576K
}
Event: 29.718 GC heap before
{Heap before GC invocations=7 (full 2):
 PSYoungGen      total 178176K, used 177733K [0x0000000716180000, 0x0000000726d80000, 0x00000007c0000000)
  eden space 167424K, 100% used [0x0000000716180000,0x0000000720500000,0x0000000720500000)
  from space 10752K, 95% used [0x0000000726300000,0x0000000726d117d8,0x0000000726d80000)
  to   space 21504K, 0% used [0x0000000724380000,0x0000000724380000,0x0000000725880000)
 ParOldGen       total 410624K, used 116195K [0x00000005c2400000, 0x00000005db500000, 0x0000000716180000)
  object space 410624K, 28% used [0x00000005c2400000,0x00000005c9578c28,0x00000005db500000)
 Metaspace       used 32314K, capacity 34190K, committed 34432K, reserved 1079296K
  class space    used 4107K, capacity 4472K, committed 4480K, reserved 1048576K
Event: 29.723 GC heap after
Heap after GC invocations=7 (full 2):
 PSYoungGen      total 245248K, used 11049K [0x0000000716180000, 0x000000072eb00000, 0x00000007c0000000)
  eden space 223744K, 0% used [0x0000000716180000,0x0000000716180000,0x0000000723c00000)
  from space 21504K, 51% used [0x0000000724380000,0x0000000724e4a448,0x0000000725880000)
  to   space 89600K, 0% used [0x0000000729380000,0x0000000729380000,0x000000072eb00000)
 ParOldGen       total 410624K, used 116203K [0x00000005c2400000, 0x00000005db500000, 0x0000000716180000)
  object space 410624K, 28% used [0x00000005c2400000,0x00000005c957ac28,0x00000005db500000)
 Metaspace       used 32314K, capacity 34190K, committed 34432K, reserved 1079296K
  class space    used 4107K, capacity 4472K, committed 4480K, reserved 1048576K
}
Event: 30.106 GC heap before
{Heap before GC invocations=8 (full 2):
 PSYoungGen      total 245248K, used 234793K [0x0000000716180000, 0x000000072eb00000, 0x00000007c0000000)
  eden space 223744K, 100% used [0x0000000716180000,0x0000000723c00000,0x0000000723c00000)
  from space 21504K, 51% used [0x0000000724380000,0x0000000724e4a448,0x0000000725880000)
  to   space 89600K, 0% used [0x0000000729380000,0x0000000729380000,0x000000072eb00000)
 ParOldGen       total 410624K, used 116203K [0x00000005c2400000, 0x00000005db500000, 0x0000000716180000)
  object space 410624K, 28% used [0x00000005c2400000,0x00000005c957ac28,0x00000005db500000)
 Metaspace       used 32777K, capacity 34708K, committed 34816K, reserved 1079296K
  class space    used 4128K, capacity 4515K, committed 4608K, reserved 1048576K
Event: 30.116 GC heap after
Heap after GC invocations=8 (full 2):
 PSYoungGen      total 320512K, used 35037K [0x0000000716180000, 0x0000000733480000, 0x00000007c0000000)
  eden space 230912K, 0% used [0x0000000716180000,0x0000000716180000,0x0000000724300000)
  from space 89600K, 39% used [0x0000000729380000,0x000000072b5b7490,0x000000072eb00000)
  to   space 82432K, 0% used [0x0000000724300000,0x0000000724300000,0x0000000729380000)
 ParOldGen       total 410624K, used 116211K [0x00000005c2400000, 0x00000005db500000, 0x0000000716180000)
  object space 410624K, 28% used [0x00000005c2400000,0x00000005c957cc28,0x00000005db500000)
 Metaspace       used 32777K, capacity 34708K, committed 34816K, reserved 1079296K
  class space    used 4128K, capacity 4515K, committed 4608K, reserved 1048576K
}
Event: 31.159 GC heap before
{Heap before GC invocations=9 (full 2):
 PSYoungGen      total 320512K, used 265949K [0x0000000716180000, 0x0000000733480000, 0x00000007c0000000)
  eden space 230912K, 100% used [0x0000000716180000,0x0000000724300000,0x0000000724300000)
  from space 89600K, 39% used [0x0000000729380000,0x000000072b5b7490,0x000000072eb00000)
  to   space 82432K, 0% used [0x0000000724300000,0x0000000724300000,0x0000000729380000)
 ParOldGen       total 410624K, used 116211K [0x00000005c2400000, 0x00000005db500000, 0x0000000716180000)
  object space 410624K, 28% used [0x00000005c2400000,0x00000005c957cc28,0x00000005db500000)
 Metaspace       used 39690K, capacity 42264K, committed 42496K, reserved 1087488K
  class space    used 4856K, capacity 5329K, committed 5376K, reserved 1048576K
Event: 31.174 GC heap after
Heap after GC invocations=9 (full 2):
 PSYoungGen      total 313344K, used 33972K [0x0000000716180000, 0x0000000733080000, 0x00000007c0000000)
  eden space 230912K, 0% used [0x0000000716180000,0x0000000716180000,0x0000000724300000)
  from space 82432K, 41% used [0x0000000724300000,0x000000072642d0d8,0x0000000729380000)
  to   space 75776K, 0% used [0x000000072e680000,0x000000072e680000,0x0000000733080000)
 ParOldGen       total 410624K, used 116219K [0x00000005c2400000, 0x00000005db500000, 0x0000000716180000)
  object space 410624K, 28% used [0x00000005c2400000,0x00000005c957ec28,0x00000005db500000)
 Metaspace       used 39690K, capacity 42264K, committed 42496K, reserved 1087488K
  class space    used 4856K, capacity 5329K, committed 5376K, reserved 1048576K
}
Event: 154.967 GC heap before
{Heap before GC invocations=10 (full 2):
 PSYoungGen      total 313344K, used 264884K [0x0000000716180000, 0x0000000733080000, 0x00000007c0000000)
  eden space 230912K, 100% used [0x0000000716180000,0x0000000724300000,0x0000000724300000)
  from space 82432K, 41% used [0x0000000724300000,0x000000072642d0d8,0x0000000729380000)
  to   space 75776K, 0% used [0x000000072e680000,0x000000072e680000,0x0000000733080000)
 ParOldGen       total 410624K, used 116219K [0x00000005c2400000, 0x00000005db500000, 0x0000000716180000)
  object space 410624K, 28% used [0x00000005c2400000,0x00000005c957ec28,0x00000005db500000)
 Metaspace       used 46045K, capacity 48864K, committed 49024K, reserved 1093632K
  class space    used 5242K, capacity 5749K, committed 5760K, reserved 1048576K
Event: 155.001 GC heap after
Heap after GC invocations=10 (full 2):
 PSYoungGen      total 378880K, used 55295K [0x0000000716180000, 0x0000000732c00000, 0x00000007c0000000)
  eden space 307712K, 0% used [0x0000000716180000,0x0000000716180000,0x0000000728e00000)
  from space 71168K, 77% used [0x000000072e680000,0x0000000731c7ff30,0x0000000732c00000)
  to   space 80896K, 0% used [0x0000000728e00000,0x0000000728e00000,0x000000072dd00000)
 ParOldGen       total 410624K, used 116227K [0x00000005c2400000, 0x00000005db500000, 0x0000000716180000)
  object space 410624K, 28% used [0x00000005c2400000,0x00000005c9580c28,0x00000005db500000)
 Metaspace       used 46045K, capacity 48864K, committed 49024K, reserved 1093632K
  class space    used 5242K, capacity 5749K, committed 5760K, reserved 1048576K
}

